{"C:\\Users\\python\\random-hex-color-generator\\index.js": {"path":"C:\\Users\\python\\random-hex-color-generator\\index.js","all":false,"statementMap":{"0":{"start":{"line":1,"column":0},"end":{"line":1,"column":3}},"1":{"start":{"line":2,"column":0},"end":{"line":2,"column":3}},"2":{"start":{"line":3,"column":0},"end":{"line":3,"column":91}},"3":{"start":{"line":4,"column":0},"end":{"line":4,"column":3}},"4":{"start":{"line":5,"column":0},"end":{"line":5,"column":3}},"5":{"start":{"line":6,"column":0},"end":{"line":6,"column":0}},"6":{"start":{"line":7,"column":0},"end":{"line":7,"column":31}},"7":{"start":{"line":8,"column":0},"end":{"line":8,"column":0}},"8":{"start":{"line":9,"column":0},"end":{"line":9,"column":41}},"9":{"start":{"line":10,"column":0},"end":{"line":10,"column":34}},"10":{"start":{"line":11,"column":0},"end":{"line":11,"column":34}},"11":{"start":{"line":12,"column":0},"end":{"line":12,"column":0}},"12":{"start":{"line":13,"column":0},"end":{"line":13,"column":60}},"13":{"start":{"line":14,"column":0},"end":{"line":14,"column":16}},"14":{"start":{"line":15,"column":0},"end":{"line":15,"column":1}},"15":{"start":{"line":16,"column":0},"end":{"line":16,"column":0}},"16":{"start":{"line":17,"column":0},"end":{"line":17,"column":46}},"17":{"start":{"line":18,"column":0},"end":{"line":18,"column":46}},"18":{"start":{"line":19,"column":0},"end":{"line":19,"column":22}},"19":{"start":{"line":20,"column":0},"end":{"line":20,"column":1}},"20":{"start":{"line":21,"column":0},"end":{"line":21,"column":0}},"21":{"start":{"line":22,"column":0},"end":{"line":22,"column":37}},"22":{"start":{"line":23,"column":0},"end":{"line":23,"column":62}},"23":{"start":{"line":24,"column":0},"end":{"line":24,"column":0}},"24":{"start":{"line":25,"column":0},"end":{"line":25,"column":27}},"25":{"start":{"line":26,"column":0},"end":{"line":26,"column":21}},"26":{"start":{"line":27,"column":0},"end":{"line":27,"column":30}},"27":{"start":{"line":28,"column":0},"end":{"line":28,"column":0}},"28":{"start":{"line":29,"column":0},"end":{"line":29,"column":23}},"29":{"start":{"line":30,"column":0},"end":{"line":30,"column":1}},"30":{"start":{"line":31,"column":0},"end":{"line":31,"column":0}},"31":{"start":{"line":32,"column":0},"end":{"line":32,"column":62}},"32":{"start":{"line":33,"column":0},"end":{"line":33,"column":25}},"33":{"start":{"line":34,"column":0},"end":{"line":34,"column":39}},"34":{"start":{"line":35,"column":0},"end":{"line":35,"column":5}},"35":{"start":{"line":36,"column":0},"end":{"line":36,"column":0}},"36":{"start":{"line":37,"column":0},"end":{"line":37,"column":69}},"37":{"start":{"line":38,"column":0},"end":{"line":38,"column":54}},"38":{"start":{"line":39,"column":0},"end":{"line":39,"column":0}},"39":{"start":{"line":40,"column":0},"end":{"line":40,"column":88}},"40":{"start":{"line":41,"column":0},"end":{"line":41,"column":52}},"41":{"start":{"line":42,"column":0},"end":{"line":42,"column":9}},"42":{"start":{"line":43,"column":0},"end":{"line":43,"column":0}},"43":{"start":{"line":44,"column":0},"end":{"line":44,"column":40}},"44":{"start":{"line":45,"column":0},"end":{"line":45,"column":10}},"45":{"start":{"line":46,"column":0},"end":{"line":46,"column":1}}},"s":{"0":1,"1":1,"2":1,"3":1,"4":1,"5":1,"6":1,"7":1,"8":132,"9":132,"10":132,"11":132,"12":132,"13":132,"14":132,"15":1,"16":132,"17":132,"18":132,"19":132,"20":1,"21":1,"22":24,"23":24,"24":24,"25":24,"26":24,"27":24,"28":24,"29":24,"30":1,"31":1,"32":2,"33":0,"34":0,"35":2,"36":2,"37":24,"38":24,"39":24,"40":0,"41":0,"42":24,"43":24,"44":2,"45":2},"branchMap":{"0":{"type":"branch","line":9,"loc":{"start":{"line":9,"column":0},"end":{"line":15,"column":1}},"locations":[{"start":{"line":9,"column":0},"end":{"line":15,"column":1}}]},"1":{"type":"branch","line":17,"loc":{"start":{"line":17,"column":0},"end":{"line":20,"column":1}},"locations":[{"start":{"line":17,"column":0},"end":{"line":20,"column":1}}]},"2":{"type":"branch","line":22,"loc":{"start":{"line":22,"column":30},"end":{"line":30,"column":1}},"locations":[{"start":{"line":22,"column":30},"end":{"line":30,"column":1}}]},"3":{"type":"branch","line":32,"loc":{"start":{"line":32,"column":15},"end":{"line":46,"column":1}},"locations":[{"start":{"line":32,"column":15},"end":{"line":46,"column":1}}]},"4":{"type":"branch","line":33,"loc":{"start":{"line":33,"column":24},"end":{"line":35,"column":5}},"locations":[{"start":{"line":33,"column":24},"end":{"line":35,"column":5}}]},"5":{"type":"branch","line":37,"loc":{"start":{"line":37,"column":56},"end":{"line":45,"column":5}},"locations":[{"start":{"line":37,"column":56},"end":{"line":45,"column":5}}]},"6":{"type":"branch","line":40,"loc":{"start":{"line":40,"column":87},"end":{"line":42,"column":9}},"locations":[{"start":{"line":40,"column":87},"end":{"line":42,"column":9}}]},"7":{"type":"branch","line":40,"loc":{"start":{"line":40,"column":23},"end":{"line":40,"column":71}},"locations":[{"start":{"line":40,"column":23},"end":{"line":40,"column":71}}]},"8":{"type":"branch","line":40,"loc":{"start":{"line":40,"column":78},"end":{"line":40,"column":84}},"locations":[{"start":{"line":40,"column":78},"end":{"line":40,"column":84}}]}},"b":{"0":[132],"1":[132],"2":[24],"3":[2],"4":[0],"5":[24],"6":[0],"7":[132],"8":[132]},"fnMap":{"0":{"name":"hexColorDifference","decl":{"start":{"line":9,"column":0},"end":{"line":15,"column":1}},"loc":{"start":{"line":9,"column":0},"end":{"line":15,"column":1}},"line":9},"1":{"name":"check_if_colors_similar","decl":{"start":{"line":17,"column":0},"end":{"line":20,"column":1}},"loc":{"start":{"line":17,"column":0},"end":{"line":20,"column":1}},"line":17},"2":{"name":"generate_random_color","decl":{"start":{"line":22,"column":30},"end":{"line":30,"column":1}},"loc":{"start":{"line":22,"column":30},"end":{"line":30,"column":1}},"line":22},"3":{"name":"generate_random_colors","decl":{"start":{"line":32,"column":15},"end":{"line":46,"column":1}},"loc":{"start":{"line":32,"column":15},"end":{"line":46,"column":1}},"line":32}},"f":{"0":132,"1":132,"2":24,"3":2}}
}
