TN:
SF:index.js
FN:9,hexColorDifference
FN:17,check_if_colors_similar
FN:22,generate_random_color
FN:32,generate_random_colors
FNF:4
FNH:4
FNDA:132,hexColorDifference
FNDA:132,check_if_colors_similar
FNDA:24,generate_random_color
FNDA:2,generate_random_colors
DA:1,1
DA:2,1
DA:3,1
DA:4,1
DA:5,1
DA:6,1
DA:7,1
DA:8,1
DA:9,132
DA:10,132
DA:11,132
DA:12,132
DA:13,132
DA:14,132
DA:15,132
DA:16,1
DA:17,132
DA:18,132
DA:19,132
DA:20,132
DA:21,1
DA:22,1
DA:23,24
DA:24,24
DA:25,24
DA:26,24
DA:27,24
DA:28,24
DA:29,24
DA:30,24
DA:31,1
DA:32,2
DA:33,2
DA:34,0
DA:35,0
DA:36,2
DA:37,2
DA:38,24
DA:39,24
DA:40,24
DA:41,0
DA:42,0
DA:43,24
DA:44,24
DA:45,2
DA:46,2
DA:47,1
DA:48,1
LF:48
LH:44
BRDA:9,0,0,132
BRDA:17,1,0,132
BRDA:22,2,0,24
BRDA:32,3,0,2
BRDA:33,4,0,0
BRDA:37,5,0,24
BRDA:40,6,0,0
BRDA:40,7,0,132
BRDA:40,8,0,132
BRF:9
BRH:7
end_of_record
